#
# There is insufficient memory for the Java Runtime Environment to continue.
# Native memory allocation (malloc) failed to allocate 612656 bytes for Chunk::new
# Possible reasons:
#   The system is out of physical RAM or swap space
#   The process is running with CompressedOops enabled, and the Java Heap may be blocking the growth of the native heap
# Possible solutions:
#   Reduce memory load on the system
#   Increase physical memory or swap space
#   Check if swap backing store is full
#   Decrease Java heap size (-Xmx/-Xms)
#   Decrease number of Java threads
#   Decrease Java thread stack sizes (-Xss)
#   Set larger code cache with -XX:ReservedCodeCacheSize=
#   JVM is running with Zero Based Compressed Oops mode in which the Java heap is
#     placed in the first 32GB address space. The Java Heap base address is the
#     maximum limit for the native heap growth. Please use -XX:HeapBaseMinAddress
#     to set the Java Heap base and to place the Java Heap above 32GB virtual address.
# This output file may be truncated or incomplete.
#
#  Out of Memory Error (./open/src/hotspot/share/memory/arena.cpp:197), pid=64172, tid=59920
#
# JRE version: Java(TM) SE Runtime Environment 18.9 (11.0.18+9) (build 11.0.18+9-LTS-195)
# Java VM: Java HotSpot(TM) 64-Bit Server VM 18.9 (11.0.18+9-LTS-195, mixed mode, tiered, compressed oops, g1 gc, windows-amd64)
# No core dump will be written. Minidumps are not enabled by default on client versions of Windows
#

---------------  S U M M A R Y ------------

Command Line: -ea -Dfile.encoding=UTF-8 -Dstdout.encoding=UTF-8 -Dstderr.encoding=UTF-8 org.testng.remote.RemoteTestNG -serport 61107 -protocol json -d C:\Workspace\com.qa.webshop\test-output C:\Workspace\com.qa.webshop\testng.xml

Host: Intel(R) Core(TM) i7-8750H CPU @ 2.20GHz, 12 cores, 15G,  Windows 11 , 64 bit Build 22000 (10.0.22000.2538)
Time: Fri Mar 22 20:40:55 2024 Eastern Daylight Time elapsed time: 10.511385 seconds (0d 0h 0m 10s)

---------------  T H R E A D  ---------------

Current thread (0x00000145088fc000):  JavaThread "C2 CompilerThread0" daemon [_thread_in_native, id=59920, stack(0x0000000441000000,0x0000000441100000)]


Current CompileTask:
C2:  10511 2345       4       java.util.HashSet::add (20 bytes)

Stack: [0x0000000441000000,0x0000000441100000]
Native frames: (J=compiled Java code, j=interpreted, Vv=VM code, C=native code)
V  [jvm.dll+0x65d8aa]
V  [jvm.dll+0x79fc1f]
V  [jvm.dll+0x7a12e9]
V  [jvm.dll+0x7a1983]
V  [jvm.dll+0x2585b5]
V  [jvm.dll+0xb284c]
V  [jvm.dll+0xb2e0c]
V  [jvm.dll+0x365ddf]
V  [jvm.dll+0x32eb15]
V  [jvm.dll+0x32defa]
V  [jvm.dll+0x2113ad]
V  [jvm.dll+0x210378]
V  [jvm.dll+0x18c641]
V  [jvm.dll+0x220609]
V  [jvm.dll+0x21e92c]
V  [jvm.dll+0x763f61]
V  [jvm.dll+0x75c924]
V  [jvm.dll+0x65c755]
C  [ucrtbase.dll+0x26c0c]
C  [KERNEL32.DLL+0x153e0]
C  [ntdll.dll+0x485b]


---------------  P R O C E S S  ---------------

Threads class SMR info:
_java_thread_list=0x00000145095b4da0, length=38, elements={
0x0000014564f00800, 0x0000014507fed000, 0x0000014507ff6000, 0x00000145088ec800,
0x00000145088ed800, 0x00000145088ef000, 0x00000145088fc000, 0x0000014508902800,
0x0000014508904000, 0x0000014508a95000, 0x000001450962e800, 0x000001450975b800,
0x00000145092c8800, 0x0000014508b6d000, 0x00000145097ad000, 0x0000014509a3e800,
0x0000014509a3f800, 0x0000014509a40000, 0x00000145099d1000, 0x0000014509c3d000,
0x0000014509c37800, 0x0000014509c3a000, 0x0000014509c3e000, 0x0000014509c39000,
0x0000014509c3b800, 0x0000014509c3a800, 0x0000014509c3c000, 0x0000014509c38000,
0x0000014509637800, 0x0000014509638000, 0x000001450963a000, 0x000001450963e800,
0x0000014509639000, 0x000001450963c800, 0x000001450963f800, 0x000001450963b800,
0x0000014509640800, 0x000001450963a800
}

Java Threads: ( => current thread )
  0x0000014564f00800 JavaThread "Forwarding setTimeout on session 5d66d19e59526b78513e84fab6b18088 to remote" [_thread_in_Java, id=23984, stack(0x0000000440400000,0x0000000440500000)]
  0x0000014507fed000 JavaThread "Reference Handler" daemon [_thread_blocked, id=42800, stack(0x0000000440b00000,0x0000000440c00000)]
  0x0000014507ff6000 JavaThread "Finalizer" daemon [_thread_blocked, id=52040, stack(0x0000000440c00000,0x0000000440d00000)]
  0x00000145088ec800 JavaThread "Signal Dispatcher" daemon [_thread_blocked, id=45472, stack(0x0000000440d00000,0x0000000440e00000)]
  0x00000145088ed800 JavaThread "Attach Listener" daemon [_thread_blocked, id=18704, stack(0x0000000440e00000,0x0000000440f00000)]
  0x00000145088ef000 JavaThread "Service Thread" daemon [_thread_blocked, id=42488, stack(0x0000000440f00000,0x0000000441000000)]
=>0x00000145088fc000 JavaThread "C2 CompilerThread0" daemon [_thread_in_native, id=59920, stack(0x0000000441000000,0x0000000441100000)]
  0x0000014508902800 JavaThread "C1 CompilerThread0" daemon [_thread_in_native, id=60612, stack(0x0000000441100000,0x0000000441200000)]
  0x0000014508904000 JavaThread "Sweeper thread" daemon [_thread_blocked, id=64128, stack(0x0000000441200000,0x0000000441300000)]
  0x0000014508a95000 JavaThread "Common-Cleaner" daemon [_thread_blocked, id=16368, stack(0x0000000441400000,0x0000000441500000)]
  0x000001450962e800 JavaThread "ReaderThread" [_thread_in_native, id=61596, stack(0x0000000441700000,0x0000000441800000)]
  0x000001450975b800 JavaThread "ForkJoinPool.commonPool-worker-19" daemon [_thread_blocked, id=21468, stack(0x0000000441500000,0x0000000441600000)]
  0x00000145092c8800 JavaThread "ForkJoinPool.commonPool-worker-5" daemon [_thread_blocked, id=32024, stack(0x0000000441800000,0x0000000441900000)]
  0x0000014508b6d000 JavaThread "ForkJoinPool.commonPool-worker-23" daemon [_thread_blocked, id=56108, stack(0x0000000441e00000,0x0000000441f00000)]
  0x00000145097ad000 JavaThread "HttpClient-1-SelectorManager" daemon [_thread_in_native, id=24924, stack(0x0000000442100000,0x0000000442200000)]
  0x0000014509a3e800 JavaThread "External Process Output Forwarder - C:\Users\Divya PC\.cache\selenium\chromedriver\win64\120.0.6099.109\chromedriver.exe" [_thread_in_native, id=41212, stack(0x0000000442200000,0x0000000442300000)]
  0x0000014509a3f800 JavaThread "Driver Service Executor" daemon [_thread_blocked, id=63584, stack(0x0000000442300000,0x0000000442400000)]
  0x0000014509a40000 JavaThread "Driver Service Executor" daemon [_thread_in_native, id=64292, stack(0x0000000442400000,0x0000000442500000)]
  0x00000145099d1000 JavaThread "UrlChecker-2" daemon [_thread_blocked, id=17972, stack(0x0000000442500000,0x0000000442600000)]
  0x0000014509c3d000 JavaThread "pool-1-thread-1" [_thread_blocked, id=62636, stack(0x0000000442700000,0x0000000442800000)]
  0x0000014509c37800 JavaThread "pool-1-thread-2" [_thread_blocked, id=39100, stack(0x0000000442800000,0x0000000442900000)]
  0x0000014509c3a000 JavaThread "pool-1-thread-3" [_thread_blocked, id=816, stack(0x0000000442900000,0x0000000442a00000)]
  0x0000014509c3e000 JavaThread "HttpClient-2-SelectorManager" daemon [_thread_in_native, id=59864, stack(0x0000000442a00000,0x0000000442b00000)]
  0x0000014509c39000 JavaThread "pool-2-thread-1" [_thread_blocked, id=63992, stack(0x0000000442b00000,0x0000000442c00000)]
  0x0000014509c3b800 JavaThread "pool-2-thread-2" [_thread_blocked, id=38680, stack(0x0000000442c00000,0x0000000442d00000)]
  0x0000014509c3a800 JavaThread "pool-2-thread-3" [_thread_blocked, id=55748, stack(0x0000000442d00000,0x0000000442e00000)]
  0x0000014509c3c000 JavaThread "HttpClient-3-SelectorManager" daemon [_thread_in_native, id=64260, stack(0x0000000442e00000,0x0000000442f00000)]
  0x0000014509c38000 JavaThread "External Process Output Forwarder - C:\Users\Divya PC\.cache\selenium\chromedriver\win64\120.0.6099.109\chromedriver.exe" [_thread_in_native, id=62972, stack(0x0000000442600000,0x0000000442700000)]
  0x0000014509637800 JavaThread "Driver Service Executor" daemon [_thread_blocked, id=61728, stack(0x0000000442f00000,0x0000000443000000)]
  0x0000014509638000 JavaThread "Driver Service Executor" daemon [_thread_in_native, id=20572, stack(0x0000000443000000,0x0000000443100000)]
  0x000001450963a000 JavaThread "Keep-Alive-Timer" daemon [_thread_blocked, id=28384, stack(0x0000000443100000,0x0000000443200000)]
  0x000001450963e800 JavaThread "pool-3-thread-1" [_thread_in_Java, id=63984, stack(0x0000000443200000,0x0000000443300000)]
  0x0000014509639000 JavaThread "pool-3-thread-2" [_thread_blocked, id=28988, stack(0x0000000443300000,0x0000000443400000)]
  0x000001450963c800 JavaThread "pool-3-thread-3" [_thread_blocked, id=63712, stack(0x0000000443400000,0x0000000443500000)]
  0x000001450963f800 JavaThread "HttpClient-4-SelectorManager" daemon [_thread_in_native, id=64248, stack(0x0000000443500000,0x0000000443600000)]
  0x000001450963b800 JavaThread "pool-4-thread-1" [_thread_blocked, id=30108, stack(0x0000000443600000,0x0000000443700000)]
  0x0000014509640800 JavaThread "pool-4-thread-2" [_thread_blocked, id=33228, stack(0x0000000443700000,0x0000000443800000)]
  0x000001450963a800 JavaThread "pool-4-thread-3" [_thread_blocked, id=63756, stack(0x0000000443800000,0x0000000443900000)]

Other Threads:
  0x0000014507feb800 VMThread "VM Thread" [stack: 0x0000000440a00000,0x0000000440b00000] [id=42832]
  0x0000014508a97000 WatcherThread [stack: 0x0000000441300000,0x0000000441400000] [id=60340]
  0x0000014564f14800 GCTaskThread "GC Thread#0" [stack: 0x0000000440500000,0x0000000440600000] [id=39644]
  0x000001450975c800 GCTaskThread "GC Thread#1" [stack: 0x0000000441900000,0x0000000441a00000] [id=16708]
  0x00000145092c9000 GCTaskThread "GC Thread#2" [stack: 0x0000000441a00000,0x0000000441b00000] [id=19304]
  0x00000145098bb800 GCTaskThread "GC Thread#3" [stack: 0x0000000441b00000,0x0000000441c00000] [id=59148]
  0x0000014509780000 GCTaskThread "GC Thread#4" [stack: 0x0000000441c00000,0x0000000441d00000] [id=7528]
  0x0000014509780800 GCTaskThread "GC Thread#5" [stack: 0x0000000441d00000,0x0000000441e00000] [id=54284]
  0x0000014564f73800 ConcurrentGCThread "G1 Main Marker" [stack: 0x0000000440600000,0x0000000440700000] [id=64484]
  0x0000014564f77000 ConcurrentGCThread "G1 Conc#0" [stack: 0x0000000440700000,0x0000000440800000] [id=62012]
  0x0000014509a7b800 ConcurrentGCThread "G1 Conc#1" [stack: 0x0000000441f00000,0x0000000442000000] [id=58620]
  0x0000014509a53000 ConcurrentGCThread "G1 Conc#2" [stack: 0x0000000442000000,0x0000000442100000] [id=30932]
  0x0000014507ed2800 ConcurrentGCThread "G1 Refine#0" [stack: 0x0000000440800000,0x0000000440900000] [id=40836]
  0x0000014507ed3800 ConcurrentGCThread "G1 Young RemSet Sampling" [stack: 0x0000000440900000,0x0000000440a00000] [id=45068]

Threads with active compile tasks:
C2 CompilerThread0    10574 2345       4       java.util.HashSet::add (20 bytes)
C1 CompilerThread0    10574 2377       3       java.util.concurrent.CompletableFuture::postFire (69 bytes)

VM state:not at safepoint (normal execution)

VM Mutex/Monitor currently owned by a thread: None

Heap address: 0x0000000704200000, size: 4030 MB, Compressed Oops mode: Zero based, Oop shift amount: 3
Narrow klass base: 0x0000000800000000, Narrow klass shift: 0
Compressed class space size: 1073741824 Address: 0x0000000800000000

Heap:
 garbage-first heap   total 258048K, used 36591K [0x0000000704200000, 0x0000000800000000)
  region size 1024K, 29 young (29696K), 3 survivors (3072K)
 Metaspace       used 25866K, capacity 26954K, committed 27008K, reserved 1073152K
  class space    used 2978K, capacity 3438K, committed 3456K, reserved 1048576K
Heap Regions: E=young(eden), S=young(survivor), O=old, HS=humongous(starts), HC=humongous(continues), CS=collection set, F=free, A=archive, TAMS=top-at-mark-start (previous, next)
|   0|0x0000000704200000, 0x0000000704300000, 0x0000000704300000|100%|HS|  |TAMS 0x0000000704300000, 0x0000000704200000| Complete 
|   1|0x0000000704300000, 0x0000000704400000, 0x0000000704400000|100%| O|  |TAMS 0x0000000704400000, 0x0000000704300000| Untracked 
|   2|0x0000000704400000, 0x0000000704500000, 0x0000000704500000|100%| O|  |TAMS 0x0000000704500000, 0x0000000704400000| Untracked 
|   3|0x0000000704500000, 0x0000000704600000, 0x0000000704600000|100%| O|  |TAMS 0x0000000704600000, 0x0000000704500000| Untracked 
|   4|0x0000000704600000, 0x0000000704700000, 0x0000000704700000|100%| O|  |TAMS 0x0000000704700000, 0x0000000704600000| Untracked 
|   5|0x0000000704700000, 0x0000000704800000, 0x0000000704800000|100%| O|  |TAMS 0x0000000704800000, 0x0000000704700000| Untracked 
|   6|0x0000000704800000, 0x0000000704900000, 0x0000000704900000|100%| O|  |TAMS 0x0000000704900000, 0x0000000704800000| Untracked 
|   7|0x0000000704900000, 0x0000000704a00000, 0x0000000704a00000|100%| O|  |TAMS 0x0000000704a00000, 0x0000000704900000| Untracked 
|   8|0x0000000704a00000, 0x0000000704a34800, 0x0000000704b00000| 20%| O|  |TAMS 0x0000000704a34800, 0x0000000704a00000| Untracked 
|   9|0x0000000704b00000, 0x0000000704b00000, 0x0000000704c00000|  0%| F|  |TAMS 0x0000000704b00000, 0x0000000704b00000| Untracked 
|  10|0x0000000704c00000, 0x0000000704c00000, 0x0000000704d00000|  0%| F|  |TAMS 0x0000000704c00000, 0x0000000704c00000| Untracked 
|  11|0x0000000704d00000, 0x0000000704d00000, 0x0000000704e00000|  0%| F|  |TAMS 0x0000000704d00000, 0x0000000704d00000| Untracked 
|  12|0x0000000704e00000, 0x0000000704e00000, 0x0000000704f00000|  0%| F|  |TAMS 0x0000000704e00000, 0x0000000704e00000| Untracked 
|  13|0x0000000704f00000, 0x0000000704f00000, 0x0000000705000000|  0%| F|  |TAMS 0x0000000704f00000, 0x0000000704f00000| Untracked 
|  14|0x0000000705000000, 0x0000000705000000, 0x0000000705100000|  0%| F|  |TAMS 0x0000000705000000, 0x0000000705000000| Untracked 
|  15|0x0000000705100000, 0x0000000705100000, 0x0000000705200000|  0%| F|  |TAMS 0x0000000705100000, 0x0000000705100000| Untracked 
|  16|0x0000000705200000, 0x0000000705200000, 0x0000000705300000|  0%| F|  |TAMS 0x0000000705200000, 0x0000000705200000| Untracked 
|  17|0x0000000705300000, 0x0000000705300000, 0x0000000705400000|  0%| F|  |TAMS 0x0000000705300000, 0x0000000705300000| Untracked 
|  18|0x0000000705400000, 0x0000000705400000, 0x0000000705500000|  0%| F|  |TAMS 0x0000000705400000, 0x0000000705400000| Untracked 
|  19|0x0000000705500000, 0x0000000705500000, 0x0000000705600000|  0%| F|  |TAMS 0x0000000705500000, 0x0000000705500000| Untracked 
|  20|0x0000000705600000, 0x0000000705600000, 0x0000000705700000|  0%| F|  |TAMS 0x0000000705600000, 0x0000000705600000| Untracked 
|  21|0x0000000705700000, 0x0000000705700000, 0x0000000705800000|  0%| F|  |TAMS 0x0000000705700000, 0x0000000705700000| Untracked 
|  22|0x0000000705800000, 0x0000000705800000, 0x0000000705900000|  0%| F|  |TAMS 0x0000000705800000, 0x0000000705800000| Untracked 
|  23|0x0000000705900000, 0x0000000705900000, 0x0000000705a00000|  0%| F|  |TAMS 0x0000000705900000, 0x0000000705900000| Untracked 
|  24|0x0000000705a00000, 0x0000000705a00000, 0x0000000705b00000|  0%| F|  |TAMS 0x0000000705a00000, 0x0000000705a00000| Untracked 
|  25|0x0000000705b00000, 0x0000000705b00000, 0x0000000705c00000|  0%| F|  |TAMS 0x0000000705b00000, 0x0000000705b00000| Untracked 
|  26|0x0000000705c00000, 0x0000000705c00000, 0x0000000705d00000|  0%| F|  |TAMS 0x0000000705c00000, 0x0000000705c00000| Untracked 
|  27|0x0000000705d00000, 0x0000000705d00000, 0x0000000705e00000|  0%| F|  |TAMS 0x0000000705d00000, 0x0000000705d00000| Untracked 
|  28|0x0000000705e00000, 0x0000000705e00000, 0x0000000705f00000|  0%| F|  |TAMS 0x0000000705e00000, 0x0000000705e00000| Untracked 
|  29|0x0000000705f00000, 0x0000000705f00000, 0x0000000706000000|  0%| F|  |TAMS 0x0000000705f00000, 0x0000000705f00000| Untracked 
|  30|0x0000000706000000, 0x0000000706000000, 0x0000000706100000|  0%| F|  |TAMS 0x0000000706000000, 0x0000000706000000| Untracked 
|  31|0x0000000706100000, 0x0000000706100000, 0x0000000706200000|  0%| F|  |TAMS 0x0000000706100000, 0x0000000706100000| Untracked 
|  32|0x0000000706200000, 0x0000000706200000, 0x0000000706300000|  0%| F|  |TAMS 0x0000000706200000, 0x0000000706200000| Untracked 
|  33|0x0000000706300000, 0x0000000706300000, 0x0000000706400000|  0%| F|  |TAMS 0x0000000706300000, 0x0000000706300000| Untracked 
|  34|0x0000000706400000, 0x0000000706400000, 0x0000000706500000|  0%| F|  |TAMS 0x0000000706400000, 0x0000000706400000| Untracked 
|  35|0x0000000706500000, 0x0000000706500000, 0x0000000706600000|  0%| F|  |TAMS 0x0000000706500000, 0x0000000706500000| Untracked 
|  36|0x0000000706600000, 0x0000000706600000, 0x0000000706700000|  0%| F|  |TAMS 0x0000000706600000, 0x0000000706600000| Untracked 
|  37|0x0000000706700000, 0x0000000706700000, 0x0000000706800000|  0%| F|  |TAMS 0x0000000706700000, 0x0000000706700000| Untracked 
|  38|0x0000000706800000, 0x0000000706800000, 0x0000000706900000|  0%| F|  |TAMS 0x0000000706800000, 0x0000000706800000| Untracked 
|  39|0x0000000706900000, 0x0000000706900000, 0x0000000706a00000|  0%| F|  |TAMS 0x0000000706900000, 0x0000000706900000| Untracked 
|  40|0x0000000706a00000, 0x0000000706a00000, 0x0000000706b00000|  0%| F|  |TAMS 0x0000000706a00000, 0x0000000706a00000| Untracked 
|  41|0x0000000706b00000, 0x0000000706b00000, 0x0000000706c00000|  0%| F|  |TAMS 0x0000000706b00000, 0x0000000706b00000| Untracked 
|  42|0x0000000706c00000, 0x0000000706c00000, 0x0000000706d00000|  0%| F|  |TAMS 0x0000000706c00000, 0x0000000706c00000| Untracked 
|  43|0x0000000706d00000, 0x0000000706d00000, 0x0000000706e00000|  0%| F|  |TAMS 0x0000000706d00000, 0x0000000706d00000| Untracked 
|  44|0x0000000706e00000, 0x0000000706e00000, 0x0000000706f00000|  0%| F|  |TAMS 0x0000000706e00000, 0x0000000706e00000| Untracked 
|  45|0x0000000706f00000, 0x0000000706f00000, 0x0000000707000000|  0%| F|  |TAMS 0x0000000706f00000, 0x0000000706f00000| Untracked 
|  46|0x0000000707000000, 0x0000000707000000, 0x0000000707100000|  0%| F|  |TAMS 0x0000000707000000, 0x0000000707000000| Untracked 
|  47|0x0000000707100000, 0x0000000707100000, 0x0000000707200000|  0%| F|  |TAMS 0x0000000707100000, 0x0000000707100000| Untracked 
|  48|0x0000000707200000, 0x0000000707200000, 0x0000000707300000|  0%| F|  |TAMS 0x0000000707200000, 0x0000000707200000| Untracked 
|  49|0x0000000707300000, 0x0000000707300000, 0x0000000707400000|  0%| F|  |TAMS 0x0000000707300000, 0x0000000707300000| Untracked 
|  50|0x0000000707400000, 0x0000000707400000, 0x0000000707500000|  0%| F|  |TAMS 0x0000000707400000, 0x0000000707400000| Untracked 
|  51|0x0000000707500000, 0x0000000707500000, 0x0000000707600000|  0%| F|  |TAMS 0x0000000707500000, 0x0000000707500000| Untracked 
|  52|0x0000000707600000, 0x0000000707600000, 0x0000000707700000|  0%| F|  |TAMS 0x0000000707600000, 0x0000000707600000| Untracked 
|  53|0x0000000707700000, 0x0000000707700000, 0x0000000707800000|  0%| F|  |TAMS 0x0000000707700000, 0x0000000707700000| Untracked 
|  54|0x0000000707800000, 0x0000000707800000, 0x0000000707900000|  0%| F|  |TAMS 0x0000000707800000, 0x0000000707800000| Untracked 
|  55|0x0000000707900000, 0x0000000707900000, 0x0000000707a00000|  0%| F|  |TAMS 0x0000000707900000, 0x0000000707900000| Untracked 
|  56|0x0000000707a00000, 0x0000000707a00000, 0x0000000707b00000|  0%| F|  |TAMS 0x0000000707a00000, 0x0000000707a00000| Untracked 
|  57|0x0000000707b00000, 0x0000000707b00000, 0x0000000707c00000|  0%| F|  |TAMS 0x0000000707b00000, 0x0000000707b00000| Untracked 
|  58|0x0000000707c00000, 0x0000000707c00000, 0x0000000707d00000|  0%| F|  |TAMS 0x0000000707c00000, 0x0000000707c00000| Untracked 
|  59|0x0000000707d00000, 0x0000000707d00000, 0x0000000707e00000|  0%| F|  |TAMS 0x0000000707d00000, 0x0000000707d00000| Untracked 
|  60|0x0000000707e00000, 0x0000000707e00000, 0x0000000707f00000|  0%| F|  |TAMS 0x0000000707e00000, 0x0000000707e00000| Untracked 
|  61|0x0000000707f00000, 0x0000000707f00000, 0x0000000708000000|  0%| F|  |TAMS 0x0000000707f00000, 0x0000000707f00000| Untracked 
|  62|0x0000000708000000, 0x0000000708000000, 0x0000000708100000|  0%| F|  |TAMS 0x0000000708000000, 0x0000000708000000| Untracked 
|  63|0x0000000708100000, 0x0000000708100000, 0x0000000708200000|  0%| F|  |TAMS 0x0000000708100000, 0x0000000708100000| Untracked 
|  64|0x0000000708200000, 0x0000000708200000, 0x0000000708300000|  0%| F|  |TAMS 0x0000000708200000, 0x0000000708200000| Untracked 
|  65|0x0000000708300000, 0x0000000708300000, 0x0000000708400000|  0%| F|  |TAMS 0x0000000708300000, 0x0000000708300000| Untracked 
|  66|0x0000000708400000, 0x0000000708400000, 0x0000000708500000|  0%| F|  |TAMS 0x0000000708400000, 0x0000000708400000| Untracked 
|  67|0x0000000708500000, 0x0000000708500000, 0x0000000708600000|  0%| F|  |TAMS 0x0000000708500000, 0x0000000708500000| Untracked 
|  68|0x0000000708600000, 0x0000000708600000, 0x0000000708700000|  0%| F|  |TAMS 0x0000000708600000, 0x0000000708600000| Untracked 
|  69|0x0000000708700000, 0x0000000708700000, 0x0000000708800000|  0%| F|  |TAMS 0x0000000708700000, 0x0000000708700000| Untracked 
|  70|0x0000000708800000, 0x0000000708800000, 0x0000000708900000|  0%| F|  |TAMS 0x0000000708800000, 0x0000000708800000| Untracked 
|  71|0x0000000708900000, 0x0000000708900000, 0x0000000708a00000|  0%| F|  |TAMS 0x0000000708900000, 0x0000000708900000| Untracked 
|  72|0x0000000708a00000, 0x0000000708a00000, 0x0000000708b00000|  0%| F|  |TAMS 0x0000000708a00000, 0x0000000708a00000| Untracked 
|  73|0x0000000708b00000, 0x0000000708b00000, 0x0000000708c00000|  0%| F|  |TAMS 0x0000000708b00000, 0x0000000708b00000| Untracked 
|  74|0x0000000708c00000, 0x0000000708c00000, 0x0000000708d00000|  0%| F|  |TAMS 0x0000000708c00000, 0x0000000708c00000| Untracked 
|  75|0x0000000708d00000, 0x0000000708d00000, 0x0000000708e00000|  0%| F|  |TAMS 0x0000000708d00000, 0x0000000708d00000| Untracked 
|  76|0x0000000708e00000, 0x0000000708e00000, 0x0000000708f00000|  0%| F|  |TAMS 0x0000000708e00000, 0x0000000708e00000| Untracked 
|  77|0x0000000708f00000, 0x0000000708f00000, 0x0000000709000000|  0%| F|  |TAMS 0x0000000708f00000, 0x0000000708f00000| Untracked 
|  78|0x0000000709000000, 0x0000000709000000, 0x0000000709100000|  0%| F|  |TAMS 0x0000000709000000, 0x0000000709000000| Untracked 
|  79|0x0000000709100000, 0x0000000709100000, 0x0000000709200000|  0%| F|  |TAMS 0x0000000709100000, 0x0000000709100000| Untracked 
|  80|0x0000000709200000, 0x0000000709200000, 0x0000000709300000|  0%| F|  |TAMS 0x0000000709200000, 0x0000000709200000| Untracked 
|  81|0x0000000709300000, 0x0000000709300000, 0x0000000709400000|  0%| F|  |TAMS 0x0000000709300000, 0x0000000709300000| Untracked 
|  82|0x0000000709400000, 0x0000000709400000, 0x0000000709500000|  0%| F|  |TAMS 0x0000000709400000, 0x0000000709400000| Untracked 
|  83|0x0000000709500000, 0x0000000709500000, 0x0000000709600000|  0%| F|  |TAMS 0x0000000709500000, 0x0000000709500000| Untracked 
|  84|0x0000000709600000, 0x0000000709600000, 0x0000000709700000|  0%| F|  |TAMS 0x0000000709600000, 0x0000000709600000| Untracked 
|  85|0x0000000709700000, 0x0000000709700000, 0x0000000709800000|  0%| F|  |TAMS 0x0000000709700000, 0x0000000709700000| Untracked 
|  86|0x0000000709800000, 0x0000000709800000, 0x0000000709900000|  0%| F|  |TAMS 0x0000000709800000, 0x0000000709800000| Untracked 
|  87|0x0000000709900000, 0x0000000709900000, 0x0000000709a00000|  0%| F|  |TAMS 0x0000000709900000, 0x0000000709900000| Untracked 
|  88|0x0000000709a00000, 0x0000000709a00000, 0x0000000709b00000|  0%| F|  |TAMS 0x0000000709a00000, 0x0000000709a00000| Untracked 
|  89|0x0000000709b00000, 0x0000000709b00000, 0x0000000709c00000|  0%| F|  |TAMS 0x0000000709b00000, 0x0000000709b00000| Untracked 
|  90|0x0000000709c00000, 0x0000000709c00000, 0x0000000709d00000|  0%| F|  |TAMS 0x0000000709c00000, 0x0000000709c00000| Untracked 
|  91|0x0000000709d00000, 0x0000000709d00000, 0x0000000709e00000|  0%| F|  |TAMS 0x0000000709d00000, 0x0000000709d00000| Untracked 
|  92|0x0000000709e00000, 0x0000000709e00000, 0x0000000709f00000|  0%| F|  |TAMS 0x0000000709e00000, 0x0000000709e00000| Untracked 
|  93|0x0000000709f00000, 0x0000000709f00000, 0x000000070a000000|  0%| F|  |TAMS 0x0000000709f00000, 0x0000000709f00000| Untracked 
|  94|0x000000070a000000, 0x000000070a000000, 0x000000070a100000|  0%| F|  |TAMS 0x000000070a000000, 0x000000070a000000| Untracked 
|  95|0x000000070a100000, 0x000000070a100000, 0x000000070a200000|  0%| F|  |TAMS 0x000000070a100000, 0x000000070a100000| Untracked 
|  96|0x000000070a200000, 0x000000070a200000, 0x000000070a300000|  0%| F|  |TAMS 0x000000070a200000, 0x000000070a200000| Untracked 
|  97|0x000000070a300000, 0x000000070a300000, 0x000000070a400000|  0%| F|  |TAMS 0x000000070a300000, 0x000000070a300000| Untracked 
|  98|0x000000070a400000, 0x000000070a400000, 0x000000070a500000|  0%| F|  |TAMS 0x000000070a400000, 0x000000070a400000| Untracked 
|  99|0x000000070a500000, 0x000000070a500000, 0x000000070a600000|  0%| F|  |TAMS 0x000000070a500000, 0x000000070a500000| Untracked 
| 100|0x000000070a600000, 0x000000070a600000, 0x000000070a700000|  0%| F|  |TAMS 0x000000070a600000, 0x000000070a600000| Untracked 
| 101|0x000000070a700000, 0x000000070a700000, 0x000000070a800000|  0%| F|  |TAMS 0x000000070a700000, 0x000000070a700000| Untracked 
| 102|0x000000070a800000, 0x000000070a800000, 0x000000070a900000|  0%| F|  |TAMS 0x000000070a800000, 0x000000070a800000| Untracked 
| 103|0x000000070a900000, 0x000000070a900000, 0x000000070aa00000|  0%| F|  |TAMS 0x000000070a900000, 0x000000070a900000| Untracked 
| 104|0x000000070aa00000, 0x000000070aa00000, 0x000000070ab00000|  0%| F|  |TAMS 0x000000070aa00000, 0x000000070aa00000| Untracked 
| 105|0x000000070ab00000, 0x000000070ab00000, 0x000000070ac00000|  0%| F|  |TAMS 0x000000070ab00000, 0x000000070ab00000| Untracked 
| 106|0x000000070ac00000, 0x000000070ac00000, 0x000000070ad00000|  0%| F|  |TAMS 0x000000070ac00000, 0x000000070ac00000| Untracked 
| 107|0x000000070ad00000, 0x000000070ad00000, 0x000000070ae00000|  0%| F|  |TAMS 0x000000070ad00000, 0x000000070ad00000| Untracked 
| 108|0x000000070ae00000, 0x000000070ae00000, 0x000000070af00000|  0%| F|  |TAMS 0x000000070ae00000, 0x000000070ae00000| Untracked 
| 109|0x000000070af00000, 0x000000070af00000, 0x000000070b000000|  0%| F|  |TAMS 0x000000070af00000, 0x000000070af00000| Untracked 
| 110|0x000000070b000000, 0x000000070b000000, 0x000000070b100000|  0%| F|  |TAMS 0x000000070b000000, 0x000000070b000000| Untracked 
| 111|0x000000070b100000, 0x000000070b100000, 0x000000070b200000|  0%| F|  |TAMS 0x000000070b100000, 0x000000070b100000| Untracked 
| 112|0x000000070b200000, 0x000000070b200000, 0x000000070b300000|  0%| F|  |TAMS 0x000000070b200000, 0x000000070b200000| Untracked 
| 113|0x000000070b300000, 0x000000070b300000, 0x000000070b400000|  0%| F|  |TAMS 0x000000070b300000, 0x000000070b300000| Untracked 
| 114|0x000000070b400000, 0x000000070b400000, 0x000000070b500000|  0%| F|  |TAMS 0x000000070b400000, 0x000000070b400000| Untracked 
| 115|0x000000070b500000, 0x000000070b500000, 0x000000070b600000|  0%| F|  |TAMS 0x000000070b500000, 0x000000070b500000| Untracked 
| 116|0x000000070b600000, 0x000000070b600000, 0x000000070b700000|  0%| F|  |TAMS 0x000000070b600000, 0x000000070b600000| Untracked 
| 117|0x000000070b700000, 0x000000070b700000, 0x000000070b800000|  0%| F|  |TAMS 0x000000070b700000, 0x000000070b700000| Untracked 
| 118|0x000000070b800000, 0x000000070b800000, 0x000000070b900000|  0%| F|  |TAMS 0x000000070b800000, 0x000000070b800000| Untracked 
| 119|0x000000070b900000, 0x000000070b900000, 0x000000070ba00000|  0%| F|  |TAMS 0x000000070b900000, 0x000000070b900000| Untracked 
| 120|0x000000070ba00000, 0x000000070ba00000, 0x000000070bb00000|  0%| F|  |TAMS 0x000000070ba00000, 0x000000070ba00000| Untracked 
| 121|0x000000070bb00000, 0x000000070bb00000, 0x000000070bc00000|  0%| F|  |TAMS 0x000000070bb00000, 0x000000070bb00000| Untracked 
| 122|0x000000070bc00000, 0x000000070bc00000, 0x000000070bd00000|  0%| F|  |TAMS 0x000000070bc00000, 0x000000070bc00000| Untracked 
| 123|0x000000070bd00000, 0x000000070bd00000, 0x000000070be00000|  0%| F|  |TAMS 0x000000070bd00000, 0x000000070bd00000| Untracked 
| 124|0x000000070be00000, 0x000000070be00000, 0x000000070bf00000|  0%| F|  |TAMS 0x000000070be00000, 0x000000070be00000| Untracked 
| 125|0x000000070bf00000, 0x000000070bf00000, 0x000000070c000000|  0%| F|  |TAMS 0x000000070bf00000, 0x000000070bf00000| Untracked 
| 126|0x000000070c000000, 0x000000070c000000, 0x000000070c100000|  0%| F|  |TAMS 0x000000070c000000, 0x000000070c000000| Untracked 
| 127|0x000000070c100000, 0x000000070c100000, 0x000000070c200000|  0%| F|  |TAMS 0x000000070c100000, 0x000000070c100000| Untracked 
| 128|0x000000070c200000, 0x000000070c200000, 0x000000070c300000|  0%| F|  |TAMS 0x000000070c200000, 0x000000070c200000| Untracked 
| 129|0x000000070c300000, 0x000000070c300000, 0x000000070c400000|  0%| F|  |TAMS 0x000000070c300000, 0x000000070c300000| Untracked 
| 130|0x000000070c400000, 0x000000070c400000, 0x000000070c500000|  0%| F|  |TAMS 0x000000070c400000, 0x000000070c400000| Untracked 
| 131|0x000000070c500000, 0x000000070c500000, 0x000000070c600000|  0%| F|  |TAMS 0x000000070c500000, 0x000000070c500000| Untracked 
| 132|0x000000070c600000, 0x000000070c600000, 0x000000070c700000|  0%| F|  |TAMS 0x000000070c600000, 0x000000070c600000| Untracked 
| 133|0x000000070c700000, 0x000000070c700000, 0x000000070c800000|  0%| F|  |TAMS 0x000000070c700000, 0x000000070c700000| Untracked 
| 134|0x000000070c800000, 0x000000070c800000, 0x000000070c900000|  0%| F|  |TAMS 0x000000070c800000, 0x000000070c800000| Untracked 
| 135|0x000000070c900000, 0x000000070c900000, 0x000000070ca00000|  0%| F|  |TAMS 0x000000070c900000, 0x000000070c900000| Untracked 
| 136|0x000000070ca00000, 0x000000070ca00000, 0x000000070cb00000|  0%| F|  |TAMS 0x000000070ca00000, 0x000000070ca00000| Untracked 
| 137|0x000000070cb00000, 0x000000070cb00000, 0x000000070cc00000|  0%| F|  |TAMS 0x000000070cb00000, 0x000000070cb00000| Untracked 
| 138|0x000000070cc00000, 0x000000070cc00000, 0x000000070cd00000|  0%| F|  |TAMS 0x000000070cc00000, 0x000000070cc00000| Untracked 
| 139|0x000000070cd00000, 0x000000070cd00000, 0x000000070ce00000|  0%| F|  |TAMS 0x000000070cd00000, 0x000000070cd00000| Untracked 
| 140|0x000000070ce00000, 0x000000070ce00000, 0x000000070cf00000|  0%| F|  |TAMS 0x000000070ce00000, 0x000000070ce00000| Untracked 
| 141|0x000000070cf00000, 0x000000070cf00000, 0x000000070d000000|  0%| F|  |TAMS 0x000000070cf00000, 0x000000070cf00000| Untracked 
| 142|0x000000070d000000, 0x000000070d000000, 0x000000070d100000|  0%| F|  |TAMS 0x000000070d000000, 0x000000070d000000| Untracked 
| 143|0x000000070d100000, 0x000000070d100000, 0x000000070d200000|  0%| F|  |TAMS 0x000000070d100000, 0x000000070d100000| Untracked 
| 144|0x000000070d200000, 0x000000070d200000, 0x000000070d300000|  0%| F|  |TAMS 0x000000070d200000, 0x000000070d200000| Untracked 
| 145|0x000000070d300000, 0x000000070d300000, 0x000000070d400000|  0%| F|  |TAMS 0x000000070d300000, 0x000000070d300000| Untracked 
| 146|0x000000070d400000, 0x000000070d400000, 0x000000070d500000|  0%| F|  |TAMS 0x000000070d400000, 0x000000070d400000| Untracked 
| 147|0x000000070d500000, 0x000000070d500000, 0x000000070d600000|  0%| F|  |TAMS 0x000000070d500000, 0x000000070d500000| Untracked 
| 148|0x000000070d600000, 0x000000070d600000, 0x000000070d700000|  0%| F|  |TAMS 0x000000070d600000, 0x000000070d600000| Untracked 
| 149|0x000000070d700000, 0x000000070d700000, 0x000000070d800000|  0%| F|  |TAMS 0x000000070d700000, 0x000000070d700000| Untracked 
| 150|0x000000070d800000, 0x000000070d800000, 0x000000070d900000|  0%| F|  |TAMS 0x000000070d800000, 0x000000070d800000| Untracked 
| 151|0x000000070d900000, 0x000000070d900000, 0x000000070da00000|  0%| F|  |TAMS 0x000000070d900000, 0x000000070d900000| Untracked 
| 152|0x000000070da00000, 0x000000070da00000, 0x000000070db00000|  0%| F|  |TAMS 0x000000070da00000, 0x000000070da00000| Untracked 
| 153|0x000000070db00000, 0x000000070db00000, 0x000000070dc00000|  0%| F|  |TAMS 0x000000070db00000, 0x000000070db00000| Untracked 
| 154|0x000000070dc00000, 0x000000070dc00000, 0x000000070dd00000|  0%| F|  |TAMS 0x000000070dc00000, 0x000000070dc00000| Untracked 
| 155|0x000000070dd00000, 0x000000070dd00000, 0x000000070de00000|  0%| F|  |TAMS 0x000000070dd00000, 0x000000070dd00000| Untracked 
| 156|0x000000070de00000, 0x000000070de00000, 0x000000070df00000|  0%| F|  |TAMS 0x000000070de00000, 0x000000070de00000| Untracked 
| 157|0x000000070df00000, 0x000000070df00000, 0x000000070e000000|  0%| F|  |TAMS 0x000000070df00000, 0x000000070df00000| Untracked 
| 158|0x000000070e000000, 0x000000070e000000, 0x000000070e100000|  0%| F|  |TAMS 0x000000070e000000, 0x000000070e000000| Untracked 
| 159|0x000000070e100000, 0x000000070e100000, 0x000000070e200000|  0%| F|  |TAMS 0x000000070e100000, 0x000000070e100000| Untracked 
| 160|0x000000070e200000, 0x000000070e200000, 0x000000070e300000|  0%| F|  |TAMS 0x000000070e200000, 0x000000070e200000| Untracked 
| 161|0x000000070e300000, 0x000000070e300000, 0x000000070e400000|  0%| F|  |TAMS 0x000000070e300000, 0x000000070e300000| Untracked 
| 162|0x000000070e400000, 0x000000070e400000, 0x000000070e500000|  0%| F|  |TAMS 0x000000070e400000, 0x000000070e400000| Untracked 
| 163|0x000000070e500000, 0x000000070e500000, 0x000000070e600000|  0%| F|  |TAMS 0x000000070e500000, 0x000000070e500000| Untracked 
| 164|0x000000070e600000, 0x000000070e600000, 0x000000070e700000|  0%| F|  |TAMS 0x000000070e600000, 0x000000070e600000| Untracked 
| 165|0x000000070e700000, 0x000000070e700000, 0x000000070e800000|  0%| F|  |TAMS 0x000000070e700000, 0x000000070e700000| Untracked 
| 166|0x000000070e800000, 0x000000070e800000, 0x000000070e900000|  0%| F|  |TAMS 0x000000070e800000, 0x000000070e800000| Untracked 
| 167|0x000000070e900000, 0x000000070e900000, 0x000000070ea00000|  0%| F|  |TAMS 0x000000070e900000, 0x000000070e900000| Untracked 
| 168|0x000000070ea00000, 0x000000070ea00000, 0x000000070eb00000|  0%| F|  |TAMS 0x000000070ea00000, 0x000000070ea00000| Untracked 
| 169|0x000000070eb00000, 0x000000070eb00000, 0x000000070ec00000|  0%| F|  |TAMS 0x000000070eb00000, 0x000000070eb00000| Untracked 
| 170|0x000000070ec00000, 0x000000070ec00000, 0x000000070ed00000|  0%| F|  |TAMS 0x000000070ec00000, 0x000000070ec00000| Untracked 
| 171|0x000000070ed00000, 0x000000070ed00000, 0x000000070ee00000|  0%| F|  |TAMS 0x000000070ed00000, 0x000000070ed00000| Untracked 
| 172|0x000000070ee00000, 0x000000070ee00000, 0x000000070ef00000|  0%| F|  |TAMS 0x000000070ee00000, 0x000000070ee00000| Untracked 
| 173|0x000000070ef00000, 0x000000070ef00000, 0x000000070f000000|  0%| F|  |TAMS 0x000000070ef00000, 0x000000070ef00000| Untracked 
| 174|0x000000070f000000, 0x000000070f000000, 0x000000070f100000|  0%| F|  |TAMS 0x000000070f000000, 0x000000070f000000| Untracked 
| 175|0x000000070f100000, 0x000000070f100000, 0x000000070f200000|  0%| F|  |TAMS 0x000000070f100000, 0x000000070f100000| Untracked 
| 176|0x000000070f200000, 0x000000070f200000, 0x000000070f300000|  0%| F|  |TAMS 0x000000070f200000, 0x000000070f200000| Untracked 
| 177|0x000000070f300000, 0x000000070f300000, 0x000000070f400000|  0%| F|  |TAMS 0x000000070f300000, 0x000000070f300000| Untracked 
| 178|0x000000070f400000, 0x000000070f400000, 0x000000070f500000|  0%| F|  |TAMS 0x000000070f400000, 0x000000070f400000| Untracked 
| 179|0x000000070f500000, 0x000000070f500000, 0x000000070f600000|  0%| F|  |TAMS 0x000000070f500000, 0x000000070f500000| Untracked 
| 180|0x000000070f600000, 0x000000070f600000, 0x000000070f700000|  0%| F|  |TAMS 0x000000070f600000, 0x000000070f600000| Untracked 
| 181|0x000000070f700000, 0x000000070f700000, 0x000000070f800000|  0%| F|  |TAMS 0x000000070f700000, 0x000000070f700000| Untracked 
| 182|0x000000070f800000, 0x000000070f800000, 0x000000070f900000|  0%| F|  |TAMS 0x000000070f800000, 0x000000070f800000| Untracked 
| 183|0x000000070f900000, 0x000000070f900000, 0x000000070fa00000|  0%| F|  |TAMS 0x000000070f900000, 0x000000070f900000| Untracked 
| 184|0x000000070fa00000, 0x000000070fa00000, 0x000000070fb00000|  0%| F|  |TAMS 0x000000070fa00000, 0x000000070fa00000| Untracked 
| 185|0x000000070fb00000, 0x000000070fb00000, 0x000000070fc00000|  0%| F|  |TAMS 0x000000070fb00000, 0x000000070fb00000| Untracked 
| 186|0x000000070fc00000, 0x000000070fc00000, 0x000000070fd00000|  0%| F|  |TAMS 0x000000070fc00000, 0x000000070fc00000| Untracked 
| 187|0x000000070fd00000, 0x000000070fd00000, 0x000000070fe00000|  0%| F|  |TAMS 0x000000070fd00000, 0x000000070fd00000| Untracked 
| 188|0x000000070fe00000, 0x000000070fe00000, 0x000000070ff00000|  0%| F|  |TAMS 0x000000070fe00000, 0x000000070fe00000| Untracked 
| 189|0x000000070ff00000, 0x000000070ff00000, 0x0000000710000000|  0%| F|  |TAMS 0x000000070ff00000, 0x000000070ff00000| Untracked 
| 190|0x0000000710000000, 0x0000000710000000, 0x0000000710100000|  0%| F|  |TAMS 0x0000000710000000, 0x0000000710000000| Untracked 
| 191|0x0000000710100000, 0x0000000710100000, 0x0000000710200000|  0%| F|  |TAMS 0x0000000710100000, 0x0000000710100000| Untracked 
| 192|0x0000000710200000, 0x0000000710200000, 0x0000000710300000|  0%| F|  |TAMS 0x0000000710200000, 0x0000000710200000| Untracked 
| 193|0x0000000710300000, 0x0000000710300000, 0x0000000710400000|  0%| F|  |TAMS 0x0000000710300000, 0x0000000710300000| Untracked 
| 194|0x0000000710400000, 0x0000000710400000, 0x0000000710500000|  0%| F|  |TAMS 0x0000000710400000, 0x0000000710400000| Untracked 
| 195|0x0000000710500000, 0x0000000710500000, 0x0000000710600000|  0%| F|  |TAMS 0x0000000710500000, 0x0000000710500000| Untracked 
| 196|0x0000000710600000, 0x0000000710600000, 0x0000000710700000|  0%| F|  |TAMS 0x0000000710600000, 0x0000000710600000| Untracked 
| 197|0x0000000710700000, 0x0000000710700000, 0x0000000710800000|  0%| F|  |TAMS 0x0000000710700000, 0x0000000710700000| Untracked 
| 198|0x0000000710800000, 0x0000000710800000, 0x0000000710900000|  0%| F|  |TAMS 0x0000000710800000, 0x0000000710800000| Untracked 
| 199|0x0000000710900000, 0x0000000710900000, 0x0000000710a00000|  0%| F|  |TAMS 0x0000000710900000, 0x0000000710900000| Untracked 
| 200|0x0000000710a00000, 0x0000000710a00000, 0x0000000710b00000|  0%| F|  |TAMS 0x0000000710a00000, 0x0000000710a00000| Untracked 
| 201|0x0000000710b00000, 0x0000000710b00000, 0x0000000710c00000|  0%| F|  |TAMS 0x0000000710b00000, 0x0000000710b00000| Untracked 
| 202|0x0000000710c00000, 0x0000000710c00000, 0x0000000710d00000|  0%| F|  |TAMS 0x0000000710c00000, 0x0000000710c00000| Untracked 
| 203|0x0000000710d00000, 0x0000000710d00000, 0x0000000710e00000|  0%| F|  |TAMS 0x0000000710d00000, 0x0000000710d00000| Untracked 
| 204|0x0000000710e00000, 0x0000000710e00000, 0x0000000710f00000|  0%| F|  |TAMS 0x0000000710e00000, 0x0000000710e00000| Untracked 
| 205|0x0000000710f00000, 0x0000000710f00000, 0x0000000711000000|  0%| F|  |TAMS 0x0000000710f00000, 0x0000000710f00000| Untracked 
| 206|0x0000000711000000, 0x0000000711000000, 0x0000000711100000|  0%| F|  |TAMS 0x0000000711000000, 0x0000000711000000| Untracked 
| 207|0x0000000711100000, 0x0000000711100000, 0x0000000711200000|  0%| F|  |TAMS 0x0000000711100000, 0x0000000711100000| Untracked 
| 208|0x0000000711200000, 0x0000000711200000, 0x0000000711300000|  0%| F|  |TAMS 0x0000000711200000, 0x0000000711200000| Untracked 
| 209|0x0000000711300000, 0x0000000711300000, 0x0000000711400000|  0%| F|  |TAMS 0x0000000711300000, 0x0000000711300000| Untracked 
| 210|0x0000000711400000, 0x0000000711400000, 0x0000000711500000|  0%| F|  |TAMS 0x0000000711400000, 0x0000000711400000| Untracked 
| 211|0x0000000711500000, 0x0000000711500000, 0x0000000711600000|  0%| F|  |TAMS 0x0000000711500000, 0x0000000711500000| Untracked 
| 212|0x0000000711600000, 0x0000000711600000, 0x0000000711700000|  0%| F|  |TAMS 0x0000000711600000, 0x0000000711600000| Untracked 
| 213|0x0000000711700000, 0x0000000711700000, 0x0000000711800000|  0%| F|  |TAMS 0x0000000711700000, 0x0000000711700000| Untracked 
| 214|0x0000000711800000, 0x0000000711800000, 0x0000000711900000|  0%| F|  |TAMS 0x0000000711800000, 0x0000000711800000| Untracked 
| 215|0x0000000711900000, 0x0000000711900000, 0x0000000711a00000|  0%| F|  |TAMS 0x0000000711900000, 0x0000000711900000| Untracked 
| 216|0x0000000711a00000, 0x0000000711a00000, 0x0000000711b00000|  0%| F|  |TAMS 0x0000000711a00000, 0x0000000711a00000| Untracked 
| 217|0x0000000711b00000, 0x0000000711b00000, 0x0000000711c00000|  0%| F|  |TAMS 0x0000000711b00000, 0x0000000711b00000| Untracked 
| 218|0x0000000711c00000, 0x0000000711c00000, 0x0000000711d00000|  0%| F|  |TAMS 0x0000000711c00000, 0x0000000711c00000| Untracked 
| 219|0x0000000711d00000, 0x0000000711d00000, 0x0000000711e00000|  0%| F|  |TAMS 0x0000000711d00000, 0x0000000711d00000| Untracked 
| 220|0x0000000711e00000, 0x0000000711e00000, 0x0000000711f00000|  0%| F|  |TAMS 0x0000000711e00000, 0x0000000711e00000| Untracked 
| 221|0x0000000711f00000, 0x0000000711f00000, 0x0000000712000000|  0%| F|  |TAMS 0x0000000711f00000, 0x0000000711f00000| Untracked 
| 222|0x0000000712000000, 0x0000000712000000, 0x0000000712100000|  0%| F|  |TAMS 0x0000000712000000, 0x0000000712000000| Untracked 
| 223|0x0000000712100000, 0x00000007121bd1d8, 0x0000000712200000| 73%| E|  |TAMS 0x0000000712100000, 0x0000000712100000| Complete 
| 224|0x0000000712200000, 0x0000000712300000, 0x0000000712300000|100%| E|CS|TAMS 0x0000000712200000, 0x0000000712200000| Complete 
| 225|0x0000000712300000, 0x0000000712400000, 0x0000000712400000|100%| E|CS|TAMS 0x0000000712300000, 0x0000000712300000| Complete 
| 226|0x0000000712400000, 0x0000000712500000, 0x0000000712500000|100%| E|CS|TAMS 0x0000000712400000, 0x0000000712400000| Complete 
| 227|0x0000000712500000, 0x0000000712600000, 0x0000000712600000|100%| E|CS|TAMS 0x0000000712500000, 0x0000000712500000| Complete 
| 228|0x0000000712600000, 0x0000000712700000, 0x0000000712700000|100%| E|CS|TAMS 0x0000000712600000, 0x0000000712600000| Complete 
| 229|0x0000000712700000, 0x0000000712800000, 0x0000000712800000|100%| E|CS|TAMS 0x0000000712700000, 0x0000000712700000| Complete 
| 230|0x0000000712800000, 0x0000000712887730, 0x0000000712900000| 52%| S|CS|TAMS 0x0000000712800000, 0x0000000712800000| Complete 
| 231|0x0000000712900000, 0x0000000712a00000, 0x0000000712a00000|100%| S|CS|TAMS 0x0000000712900000, 0x0000000712900000| Complete 
| 232|0x0000000712a00000, 0x0000000712b00000, 0x0000000712b00000|100%| S|CS|TAMS 0x0000000712a00000, 0x0000000712a00000| Complete 
| 233|0x0000000712b00000, 0x0000000712c00000, 0x0000000712c00000|100%| E|CS|TAMS 0x0000000712b00000, 0x0000000712b00000| Complete 
| 234|0x0000000712c00000, 0x0000000712d00000, 0x0000000712d00000|100%| E|CS|TAMS 0x0000000712c00000, 0x0000000712c00000| Complete 
| 235|0x0000000712d00000, 0x0000000712e00000, 0x0000000712e00000|100%| E|CS|TAMS 0x0000000712d00000, 0x0000000712d00000| Complete 
| 236|0x0000000712e00000, 0x0000000712f00000, 0x0000000712f00000|100%| E|CS|TAMS 0x0000000712e00000, 0x0000000712e00000| Complete 
| 237|0x0000000712f00000, 0x0000000713000000, 0x0000000713000000|100%| E|CS|TAMS 0x0000000712f00000, 0x0000000712f00000| Complete 
| 238|0x0000000713000000, 0x0000000713100000, 0x0000000713100000|100%| E|CS|TAMS 0x0000000713000000, 0x0000000713000000| Complete 
| 239|0x0000000713100000, 0x0000000713200000, 0x0000000713200000|100%| E|CS|TAMS 0x0000000713100000, 0x0000000713100000| Complete 
| 240|0x0000000713200000, 0x0000000713300000, 0x0000000713300000|100%| E|CS|TAMS 0x0000000713200000, 0x0000000713200000| Complete 
| 241|0x0000000713300000, 0x0000000713400000, 0x0000000713400000|100%| E|CS|TAMS 0x0000000713300000, 0x0000000713300000| Complete 
| 242|0x0000000713400000, 0x0000000713500000, 0x0000000713500000|100%| E|CS|TAMS 0x0000000713400000, 0x0000000713400000| Complete 
| 243|0x0000000713500000, 0x0000000713600000, 0x0000000713600000|100%| E|CS|TAMS 0x0000000713500000, 0x0000000713500000| Complete 
| 244|0x0000000713600000, 0x0000000713700000, 0x0000000713700000|100%| E|CS|TAMS 0x0000000713600000, 0x0000000713600000| Complete 
| 245|0x0000000713700000, 0x0000000713800000, 0x0000000713800000|100%| E|CS|TAMS 0x0000000713700000, 0x0000000713700000| Complete 
| 246|0x0000000713800000, 0x0000000713900000, 0x0000000713900000|100%| E|CS|TAMS 0x0000000713800000, 0x0000000713800000| Complete 
| 247|0x0000000713900000, 0x0000000713a00000, 0x0000000713a00000|100%| E|CS|TAMS 0x0000000713900000, 0x0000000713900000| Complete 
| 248|0x0000000713a00000, 0x0000000713b00000, 0x0000000713b00000|100%| E|CS|TAMS 0x0000000713a00000, 0x0000000713a00000| Complete 
| 249|0x0000000713b00000, 0x0000000713c00000, 0x0000000713c00000|100%| E|CS|TAMS 0x0000000713b00000, 0x0000000713b00000| Complete 
| 250|0x0000000713c00000, 0x0000000713d00000, 0x0000000713d00000|100%| E|CS|TAMS 0x0000000713c00000, 0x0000000713c00000| Complete 
| 251|0x0000000713d00000, 0x0000000713e00000, 0x0000000713e00000|100%| E|CS|TAMS 0x0000000713d00000, 0x0000000713d00000| Complete 

Card table byte_map: [0x000001457c300000,0x000001457cae0000] _byte_map_base: 0x0000014578adf000

Marking Bits (Prev, Next): (CMBitMap*) 0x0000014564f61fb0, (CMBitMap*) 0x0000014564f61f78
 Prev Bits: [0x0000014503f00000, 0x0000014507df8000)
 Next Bits: [0x0000014500000000, 0x0000014503ef8000)

Polling page: 0x00000145646d0000

Metaspace:

Usage:
  Non-class:     22.96 MB capacity,    22.36 MB ( 97%) used,   511.63 KB (  2%) free+waste,   111.88 KB ( <1%) overhead. 
      Class:      3.36 MB capacity,     2.91 MB ( 87%) used,   401.05 KB ( 12%) free+waste,    58.44 KB (  2%) overhead. 
       Both:     26.32 MB capacity,    25.26 MB ( 96%) used,   912.69 KB (  3%) free+waste,   170.31 KB ( <1%) overhead. 

Virtual space:
  Non-class space:       24.00 MB reserved,      23.00 MB ( 96%) committed 
      Class space:        1.00 GB reserved,       3.38 MB ( <1%) committed 
             Both:        1.02 GB reserved,      26.38 MB (  3%) committed 

Chunk freelists:
   Non-Class:  4.50 KB
       Class:  2.25 KB
        Both:  6.75 KB

CodeHeap 'non-profiled nmethods': size=120000Kb used=913Kb max_used=913Kb free=119086Kb
 bounds [0x00000145740a0000, 0x0000014574310000, 0x000001457b5d0000]
CodeHeap 'profiled nmethods': size=120000Kb used=4840Kb max_used=4840Kb free=115159Kb
 bounds [0x000001456cb70000, 0x000001456d030000, 0x00000145740a0000]
CodeHeap 'non-nmethods': size=5760Kb used=1187Kb max_used=1221Kb free=4572Kb
 bounds [0x000001456c5d0000, 0x000001456c840000, 0x000001456cb70000]
 total_blobs=2911 nmethods=2381 adapters=441
 compilation: enabled
              stopped_count=0, restarted_count=0
 full_count=0

Compilation events (10 events):
Event: 10.414 Thread 0x0000014508902800 2352       3       java.util.List::copyOf (5 bytes)
Event: 10.414 Thread 0x0000014508902800 nmethod 2352 0x000001456d01a310 code [0x000001456d01a4e0, 0x000001456d01a9f8]
Event: 10.414 Thread 0x0000014508902800 2353       3       java.util.ImmutableCollections::listCopy (31 bytes)
Event: 10.414 Thread 0x0000014508902800 nmethod 2353 0x000001456d01ab10 code [0x000001456d01ace0, 0x000001456d01b198]
Event: 10.414 Thread 0x0000014508902800 2354       1       java.nio.channels.spi.AbstractSelectionKey::isValid (5 bytes)
Event: 10.414 Thread 0x0000014508902800 nmethod 2354 0x0000014574181690 code [0x0000014574181820, 0x00000145741818d8]
Event: 10.414 Thread 0x0000014508902800 2355       3       java.util.concurrent.CompletableFuture::completeValue (20 bytes)
Event: 10.416 Thread 0x0000014508902800 nmethod 2355 0x000001456d01b290 code [0x000001456d01b4e0, 0x000001456d01be58]
Event: 10.472 Thread 0x00000145088fc000 nmethod 2344% 0x0000014574181990 code [0x0000014574181be0, 0x0000014574183170]
Event: 10.472 Thread 0x00000145088fc000 2345       4       java.util.HashSet::add (20 bytes)

GC Heap History (4 events):
Event: 1.699 GC heap before
{Heap before GC invocations=0 (full 0):
 garbage-first heap   total 258048K, used 25600K [0x0000000704200000, 0x0000000800000000)
  region size 1024K, 24 young (24576K), 0 survivors (0K)
 Metaspace       used 14106K, capacity 14496K, committed 14720K, reserved 1062912K
  class space    used 1422K, capacity 1572K, committed 1664K, reserved 1048576K
}
Event: 1.708 GC heap after
{Heap after GC invocations=1 (full 0):
 garbage-first heap   total 258048K, used 8379K [0x0000000704200000, 0x0000000800000000)
  region size 1024K, 3 young (3072K), 3 survivors (3072K)
 Metaspace       used 14106K, capacity 14496K, committed 14720K, reserved 1062912K
  class space    used 1422K, capacity 1572K, committed 1664K, reserved 1048576K
}
Event: 2.929 GC heap before
{Heap before GC invocations=1 (full 0):
 garbage-first heap   total 258048K, used 26811K [0x0000000704200000, 0x0000000800000000)
  region size 1024K, 22 young (22528K), 3 survivors (3072K)
 Metaspace       used 20547K, capacity 21137K, committed 21248K, reserved 1069056K
  class space    used 2231K, capacity 2466K, committed 2560K, reserved 1048576K
}
Event: 2.933 GC heap after
{Heap after GC invocations=2 (full 0):
 garbage-first heap   total 258048K, used 10991K [0x0000000704200000, 0x0000000800000000)
  region size 1024K, 3 young (3072K), 3 survivors (3072K)
 Metaspace       used 20547K, capacity 21137K, committed 21248K, reserved 1069056K
  class space    used 2231K, capacity 2466K, committed 2560K, reserved 1048576K
}

Deoptimization events (10 events):
Event: 2.711 Thread 0x0000014564f00800 Uncommon trap: reason=bimorphic_or_optimized_type_check action=maybe_recompile pc=0x00000145740f4e68 method=java.util.HashMap.putVal(ILjava/lang/Object;Ljava/lang/Object;ZZ)Ljava/lang/Object; @ 203 c2
Event: 2.712 Thread 0x0000014564f00800 Uncommon trap: reason=bimorphic_or_optimized_type_check action=maybe_recompile pc=0x00000145740f4e68 method=java.util.HashMap.putVal(ILjava/lang/Object;Ljava/lang/Object;ZZ)Ljava/lang/Object; @ 203 c2
Event: 2.713 Thread 0x0000014564f00800 Uncommon trap: reason=bimorphic_or_optimized_type_check action=maybe_recompile pc=0x00000145740f4e68 method=java.util.HashMap.putVal(ILjava/lang/Object;Ljava/lang/Object;ZZ)Ljava/lang/Object; @ 203 c2
Event: 2.714 Thread 0x0000014564f00800 Uncommon trap: reason=bimorphic_or_optimized_type_check action=maybe_recompile pc=0x00000145740f4e68 method=java.util.HashMap.putVal(ILjava/lang/Object;Ljava/lang/Object;ZZ)Ljava/lang/Object; @ 203 c2
Event: 3.561 Thread 0x0000014509c3d000 Uncommon trap: reason=unstable_if action=reinterpret pc=0x0000014574116f44 method=jdk.internal.org.objectweb.asm.Frame.push(Ljdk/internal/org/objectweb/asm/ClassWriter;Ljava/lang/String;)V @ 18 c2
Event: 5.255 Thread 0x0000014564f00800 Uncommon trap: reason=unstable_if action=reinterpret pc=0x000001457411b5c0 method=java.util.concurrent.ConcurrentHashMap.putVal(Ljava/lang/Object;Ljava/lang/Object;Z)Ljava/lang/Object; @ 231 c2
Event: 5.315 Thread 0x0000014564f00800 Uncommon trap: reason=unstable_if action=reinterpret pc=0x000001457412f95c method=java.util.concurrent.ConcurrentHashMap.transfer([Ljava/util/concurrent/ConcurrentHashMap$Node;[Ljava/util/concurrent/ConcurrentHashMap$Node;)V @ 26 c2
Event: 5.327 Thread 0x000001450975b800 Uncommon trap: reason=intrinsic_or_type_checked_inlining action=make_not_entrant pc=0x0000014574164e60 method=java.util.Arrays.copyOf([Ljava/lang/Object;ILjava/lang/Class;)[Ljava/lang/Object; @ 35 c2
Event: 7.900 Thread 0x0000014564f00800 Uncommon trap: reason=bimorphic_or_optimized_type_check action=maybe_recompile pc=0x0000014574128cbc method=java.util.HashMap.putVal(ILjava/lang/Object;Ljava/lang/Object;ZZ)Ljava/lang/Object; @ 91 c2
Event: 7.900 Thread 0x0000014564f00800 Uncommon trap: reason=bimorphic_or_optimized_type_check action=maybe_recompile pc=0x0000014574128cbc method=java.util.HashMap.putVal(ILjava/lang/Object;Ljava/lang/Object;ZZ)Ljava/lang/Object; @ 91 c2

Classes redefined (0 events):
No events

Internal exceptions (10 events):
Event: 3.539 Thread 0x0000014509c3d000 Exception <a 'java/lang/NoSuchMethodError'{0x00000007134fd328}: java.lang.invoke.DelegatingMethodHandle$Holder.reinvoke_L(Ljava/lang/Object;IILjava/lang/Object;Ljava/lang/Object;I)Ljava/lang/Object;> (0x00000007134fd328) thrown at [./open/src/hotspot/shar
Event: 3.540 Thread 0x0000014509c3d000 Exception <a 'java/lang/NoSuchMethodError'{0x000000071330e528}: java.lang.invoke.DirectMethodHandle$Holder.invokeSpecial(Ljava/lang/Object;Ljava/lang/Object;Ljava/lang/Object;Ljava/lang/Object;I)Ljava/lang/Object;> (0x000000071330e528) thrown at [./open/s
Event: 3.540 Thread 0x0000014509c3d000 Exception <a 'java/lang/NoSuchMethodError'{0x0000000713311588}: java.lang.invoke.Invokers$Holder.linkToTargetMethod(Ljava/lang/Object;Ljava/lang/Object;ILjava/lang/Object;)Ljava/lang/Object;> (0x0000000713311588) thrown at [./open/src/hotspot/share/interp
Event: 3.557 Thread 0x0000014509c3d000 Exception <a 'java/lang/NoSuchMethodError'{0x000000071336b308}: java.lang.invoke.DirectMethodHandle$Holder.invokeSpecial(Ljava/lang/Object;Ljava/lang/Object;Ljava/lang/Object;Ljava/lang/Object;Ljava/lang/Object;)V> (0x000000071336b308) thrown at [./open/s
Event: 3.561 Thread 0x0000014509c3d000 Exception <a 'java/lang/NoSuchMethodError'{0x000000071338e648}: java.lang.invoke.DirectMethodHandle$Holder.invokeStatic(Ljava/lang/Object;JJ)J> (0x000000071338e648) thrown at [./open/src/hotspot/share/interpreter/linkResolver.cpp, line 772]
Event: 5.120 Thread 0x0000014509c3d000 Exception <a 'java/lang/NoSuchMethodError'{0x00000007132d1ce8}: java.lang.invoke.DirectMethodHandle$Holder.invokeSpecial(Ljava/lang/Object;Ljava/lang/Object;Ljava/lang/Object;Ljava/lang/Object;Ljava/lang/Object;Ljava/lang/Object;Ljava/lang/Object;)V> (0x0
Event: 5.208 Thread 0x0000014564f00800 Exception <a 'java/lang/NoSuchMethodError'{0x0000000712f26160}: java.lang.invoke.DirectMethodHandle$Holder.invokeSpecialIFC(Ljava/lang/Object;Ljava/lang/Object;Ljava/lang/Object;)Ljava/lang/Object;> (0x0000000712f26160) thrown at [./open/src/hotspot/share
Event: 8.699 Thread 0x00000145099d1000 Exception <a 'java/net/ConnectException'{0x0000000713a857e0}: Connection refused: connect> (0x0000000713a857e0) thrown at [./open/src/hotspot/share/prims/jni.cpp, line 632]
Event: 8.721 Thread 0x00000145099d1000 Exception <a 'java/net/ConnectException'{0x0000000713a866f0}: Connection refused: connect> (0x0000000713a866f0) thrown at [./open/src/hotspot/share/prims/jni.cpp, line 632]
Event: 8.752 Thread 0x00000145099d1000 Exception <a 'java/net/ConnectException'{0x0000000713a87600}: Connection refused: connect> (0x0000000713a87600) thrown at [./open/src/hotspot/share/prims/jni.cpp, line 632]

Events (10 events):
Event: 10.391 Executing VM operation: RevokeBias
Event: 10.391 Executing VM operation: RevokeBias done
Event: 10.392 Executing VM operation: RevokeBias
Event: 10.393 Executing VM operation: RevokeBias done
Event: 10.396 Executing VM operation: RevokeBias
Event: 10.396 Executing VM operation: RevokeBias done
Event: 10.412 Executing VM operation: RevokeBias
Event: 10.412 Executing VM operation: RevokeBias done
Event: 10.412 Executing VM operation: RevokeBias
Event: 10.412 Executing VM operation: RevokeBias done


Dynamic libraries:
0x00007ff7801d0000 - 0x00007ff7801e0000 	C:\Program Files\Java\jdk-11\bin\javaw.exe
0x00007ffe85760000 - 0x00007ffe85969000 	C:\WINDOWS\SYSTEM32\ntdll.dll
0x00007ffe84580000 - 0x00007ffe8463d000 	C:\WINDOWS\System32\KERNEL32.DLL
0x00007ffe82bf0000 - 0x00007ffe82f74000 	C:\WINDOWS\System32\KERNELBASE.dll
0x00007ffe83230000 - 0x00007ffe83341000 	C:\WINDOWS\System32\ucrtbase.dll
0x00007ffe6cd40000 - 0x00007ffe6cd5b000 	C:\Program Files\Java\jdk-11\bin\VCRUNTIME140.dll
0x00007ffe6c730000 - 0x00007ffe6c748000 	C:\Program Files\Java\jdk-11\bin\jli.dll
0x00007ffe84e50000 - 0x00007ffe84efe000 	C:\WINDOWS\System32\ADVAPI32.dll
0x00007ffe847a0000 - 0x00007ffe84843000 	C:\WINDOWS\System32\msvcrt.dll
0x00007ffe84150000 - 0x00007ffe841ee000 	C:\WINDOWS\System32\sechost.dll
0x00007ffe84450000 - 0x00007ffe84571000 	C:\WINDOWS\System32\RPCRT4.dll
0x00007ffe83a20000 - 0x00007ffe83bcd000 	C:\WINDOWS\System32\USER32.dll
0x00007ffe82f80000 - 0x00007ffe82fa6000 	C:\WINDOWS\System32\win32u.dll
0x00007ffe84f20000 - 0x00007ffe84f4a000 	C:\WINDOWS\System32\GDI32.dll
0x00007ffe83350000 - 0x00007ffe8346e000 	C:\WINDOWS\System32\gdi32full.dll
0x00007ffe5d470000 - 0x00007ffe5d715000 	C:\WINDOWS\WinSxS\amd64_microsoft.windows.common-controls_6595b64144ccf1df_6.0.22000.120_none_9d947278b86cc467\COMCTL32.dll
0x00007ffe82fb0000 - 0x00007ffe8304d000 	C:\WINDOWS\System32\msvcp_win.dll
0x00007ffe786b0000 - 0x00007ffe786ba000 	C:\WINDOWS\SYSTEM32\VERSION.dll
0x00007ffe84350000 - 0x00007ffe84381000 	C:\WINDOWS\System32\IMM32.DLL
0x00007ffe78dc0000 - 0x00007ffe78dcc000 	C:\Program Files\Java\jdk-11\bin\vcruntime140_1.dll
0x00007ffe2a140000 - 0x00007ffe2a1ce000 	C:\Program Files\Java\jdk-11\bin\msvcp140.dll
0x00007ffdbe8c0000 - 0x00007ffdbf428000 	C:\Program Files\Java\jdk-11\bin\server\jvm.dll
0x00007ffe84f10000 - 0x00007ffe84f18000 	C:\WINDOWS\System32\PSAPI.DLL
0x00007ffe77880000 - 0x00007ffe77889000 	C:\WINDOWS\SYSTEM32\WSOCK32.dll
0x00007ffe78790000 - 0x00007ffe787c3000 	C:\WINDOWS\SYSTEM32\WINMM.dll
0x00007ffe84730000 - 0x00007ffe8479f000 	C:\WINDOWS\System32\WS2_32.dll
0x00007ffe81d50000 - 0x00007ffe81d68000 	C:\WINDOWS\SYSTEM32\kernel.appcore.dll
0x00007ffe6d990000 - 0x00007ffe6d9a0000 	C:\Program Files\Java\jdk-11\bin\verify.dll
0x00007ffe80690000 - 0x00007ffe808b1000 	C:\WINDOWS\SYSTEM32\DBGHELP.DLL
0x00007ffe76780000 - 0x00007ffe767b1000 	C:\WINDOWS\SYSTEM32\dbgcore.DLL
0x00007ffe83530000 - 0x00007ffe835af000 	C:\WINDOWS\System32\bcryptPrimitives.dll
0x00007ffe5a390000 - 0x00007ffe5a3b8000 	C:\Program Files\Java\jdk-11\bin\java.dll
0x00007ffe6d370000 - 0x00007ffe6d37a000 	C:\Program Files\Java\jdk-11\bin\jimage.dll
0x00007ffe6c6d0000 - 0x00007ffe6c6e7000 	C:\Program Files\Java\jdk-11\bin\zip.dll
0x00007ffe84f50000 - 0x00007ffe85715000 	C:\WINDOWS\System32\SHELL32.dll
0x00007ffe80cd0000 - 0x00007ffe81532000 	C:\WINDOWS\SYSTEM32\windows.storage.dll
0x00007ffe835b0000 - 0x00007ffe83926000 	C:\WINDOWS\System32\combase.dll
0x00007ffe80b60000 - 0x00007ffe80cc7000 	C:\WINDOWS\SYSTEM32\wintypes.dll
0x00007ffe83930000 - 0x00007ffe83a1a000 	C:\WINDOWS\System32\SHCORE.dll
0x00007ffe83f50000 - 0x00007ffe83fad000 	C:\WINDOWS\System32\shlwapi.dll
0x00007ffe82b20000 - 0x00007ffe82b45000 	C:\WINDOWS\SYSTEM32\profapi.dll
0x00007ffe6c0c0000 - 0x00007ffe6c0d9000 	C:\Program Files\Java\jdk-11\bin\net.dll
0x00007ffe79ec0000 - 0x00007ffe79fd4000 	C:\WINDOWS\SYSTEM32\WINHTTP.dll
0x00007ffe82200000 - 0x00007ffe82267000 	C:\WINDOWS\system32\mswsock.dll
0x00007ffe5a4f0000 - 0x00007ffe5a502000 	C:\Program Files\Java\jdk-11\bin\nio.dll
0x00007ffe81820000 - 0x00007ffe81907000 	C:\WINDOWS\SYSTEM32\DNSAPI.dll
0x00007ffe817f0000 - 0x00007ffe8181d000 	C:\WINDOWS\SYSTEM32\IPHLPAPI.DLL
0x00007ffe84020000 - 0x00007ffe84029000 	C:\WINDOWS\System32\NSI.dll
0x00007ffe77850000 - 0x00007ffe7785a000 	C:\Windows\System32\rasadhlp.dll
0x00007ffe784b0000 - 0x00007ffe78531000 	C:\WINDOWS\System32\fwpuclnt.dll
0x00007ffe82440000 - 0x00007ffe82458000 	C:\WINDOWS\SYSTEM32\CRYPTSP.dll
0x00007ffe81cb0000 - 0x00007ffe81ce5000 	C:\WINDOWS\system32\rsaenh.dll
0x00007ffe822f0000 - 0x00007ffe8231c000 	C:\WINDOWS\SYSTEM32\USERENV.dll
0x00007ffe825c0000 - 0x00007ffe825e7000 	C:\WINDOWS\SYSTEM32\bcrypt.dll
0x00007ffe82460000 - 0x00007ffe8246c000 	C:\WINDOWS\SYSTEM32\CRYPTBASE.dll
0x00007ffe7a1e0000 - 0x00007ffe7a1f9000 	C:\WINDOWS\SYSTEM32\dhcpcsvc6.DLL
0x00007ffe7a320000 - 0x00007ffe7a33e000 	C:\WINDOWS\SYSTEM32\dhcpcsvc.DLL
0x00007ffe448a0000 - 0x00007ffe448c7000 	C:\Program Files\Java\jdk-11\bin\sunec.dll

dbghelp: loaded successfully - version: 4.0.5 - missing functions: none
symbol engine: initialized successfully - sym options: 0x614 - pdb path: .;C:\Program Files\Java\jdk-11\bin;C:\WINDOWS\SYSTEM32;C:\WINDOWS\WinSxS\amd64_microsoft.windows.common-controls_6595b64144ccf1df_6.0.22000.120_none_9d947278b86cc467;C:\Program Files\Java\jdk-11\bin\server

VM Arguments:
jvm_args: -ea -Dfile.encoding=UTF-8 -Dstdout.encoding=UTF-8 -Dstderr.encoding=UTF-8 
java_command: org.testng.remote.RemoteTestNG -serport 61107 -protocol json -d C:\Workspace\com.qa.webshop\test-output C:\Workspace\com.qa.webshop\testng.xml
java_class_path (initial): C:\Eclipse\eclipse\configuration\org.eclipse.osgi\995\0\.cp\lib\testng-remote.jar;C:\Workspace\com.qa.webshop\target\test-classes;C:\Workspace\com.qa.webshop\target\classes;C:\Eclipse\eclipse\plugins\org.testng_7.4.0.r202105021533.jar;C:\Eclipse\eclipse\plugins\com.beust.jcommander_1.78.0.jar;C:\Eclipse\eclipse\plugins\org.apache-extras.beanshell.bsh_2.0.0.b6.jar;C:\Eclipse\eclipse\plugins\org.yaml.snakeyaml_1.21.0.jar;C:\Eclipse\eclipse\plugins\org.webjars.jquery_3.5.1.jar;C:\Users\Divya PC\.m2\repository\org\seleniumhq\selenium\selenium-java\4.16.1\selenium-java-4.16.1.jar;C:\Users\Divya PC\.m2\repository\org\seleniumhq\selenium\selenium-api\4.16.1\selenium-api-4.16.1.jar;C:\Users\Divya PC\.m2\repository\org\seleniumhq\selenium\selenium-chrome-driver\4.16.1\selenium-chrome-driver-4.16.1.jar;C:\Users\Divya PC\.m2\repository\com\google\auto\service\auto-service-annotations\1.1.1\auto-service-annotations-1.1.1.jar;C:\Users\Divya PC\.m2\repository\org\seleniumhq\selenium\selenium-chromium-driver\4.16.1\selenium-chromium-driver-4.16.1.jar;C:\Users\Divya PC\.m2\repository\org\seleniumhq\selenium\selenium-json\4.16.1\selenium-json-4.16.1.jar;C:\Users\Divya PC\.m2\repository\org\seleniumhq\selenium\selenium-manager\4.16.1\selenium-manager-4.16.1.jar;C:\Users\Divya PC\.m2\repository\org\seleniumhq\selenium\selenium-devtools-v118\4.16.1\selenium-devtools-v118-4.16.1.jar;C:\Users\Divya PC\.m2\repository\org\seleniumhq\selenium\selenium-devtools-v119\4.16.1\selenium-devtools-v119-4.16.1.jar;C:\Users\Divya PC\.m2\repository\org\seleniumhq\selenium\selenium-devtools-v120\4.16.1\selenium-devtools-v120-4.16.1.jar;C:\Users\Divya PC\.m2\repository\org\seleniumhq\selenium\selenium-devtools-v85\4.16.1\selenium-devtools-v85-4.16.1.jar;C:\Users\Divya PC\.m2\repository\org\seleniumhq\selenium\selenium-edge-driver\4.16.1\selenium-edge-driver-4.16.1.jar;C:\Users\Divya PC\.m2\repository\org\seleniumhq\selenium\selenium-firefox-driver\4.16.1\selenium-firefox-dri
Launcher Type: SUN_STANDARD

[Global flags]
     intx CICompilerCount                          = 4                                         {product} {ergonomic}
     uint ConcGCThreads                            = 3                                         {product} {ergonomic}
     uint G1ConcRefinementThreads                  = 10                                        {product} {ergonomic}
   size_t G1HeapRegionSize                         = 1048576                                   {product} {ergonomic}
    uintx GCDrainStackTargetSize                   = 64                                        {product} {ergonomic}
   size_t InitialHeapSize                          = 264241152                                 {product} {ergonomic}
   size_t MarkStackSize                            = 4194304                                   {product} {ergonomic}
   size_t MaxHeapSize                              = 4225761280                                {product} {ergonomic}
   size_t MaxNewSize                               = 2535456768                                {product} {ergonomic}
   size_t MinHeapDeltaBytes                        = 1048576                                   {product} {ergonomic}
    uintx NonNMethodCodeHeapSize                   = 5836300                                {pd product} {ergonomic}
    uintx NonProfiledCodeHeapSize                  = 122910970                              {pd product} {ergonomic}
    uintx ProfiledCodeHeapSize                     = 122910970                              {pd product} {ergonomic}
    uintx ReservedCodeCacheSize                    = 251658240                              {pd product} {ergonomic}
     bool SegmentedCodeCache                       = true                                      {product} {ergonomic}
     bool UseCompressedClassPointers               = true                                 {lp64_product} {ergonomic}
     bool UseCompressedOops                        = true                                 {lp64_product} {ergonomic}
     bool UseG1GC                                  = true                                      {product} {ergonomic}
     bool UseLargePagesIndividualAllocation        = false                                  {pd product} {ergonomic}

Logging:
Log output configuration:
 #0: stdout all=warning uptime,level,tags
 #1: stderr all=off uptime,level,tags

Environment Variables:
JAVA_HOME=C:\Program Files\Java\jdk-11
PATH=C:/Eclipse/eclipse//plugins/org.eclipse.justj.openjdk.hotspot.jre.full.win32.x86_64_17.0.9.v20231028-0858/jre/bin/server;C:/Eclipse/eclipse//plugins/org.eclipse.justj.openjdk.hotspot.jre.full.win32.x86_64_17.0.9.v20231028-0858/jre/bin;C:\Program Files\Common Files\Oracle\Java\javapath;C:\Program Files (x86)\Intel\Intel(R) Management Engine Components\iCLS\;C:\Program Files\Intel\Intel(R) Management Engine Components\iCLS\;C:\Windows\system32;C:\Windows;C:\Windows\System32\Wbem;C:\Windows\System32\WindowsPowerShell\v1.0\;C:\Windows\System32\OpenSSH\;C:\Program Files (x86)\NVIDIA Corporation\PhysX\Common;C:\WINDOWS\system32;C:\WINDOWS;C:\WINDOWS\System32\Wbem;C:\WINDOWS\System32\WindowsPowerShell\v1.0\;C:\WINDOWS\System32\OpenSSH\;C:\Program Files\Microsoft SQL Server\120\Tools\Binn\;C:\Program Files (x86)\Common Files\Intuit\QBPOSSDKRuntime;C:\Program Files\dotnet\;C:\Program Files\Java\jdk-11\bin;C:\apache-maven-3.9.6\bin;C:\Users\Divya PC\AppData\Local\Programs\Python\Python38-32\Scripts\;C:\Users\Divya PC\AppData\Local\Programs\Python\Python38-32\;C:\Users\Divya PC\AppData\Local\Microsoft\WindowsApps;;C:\Eclipse\eclipse;
USERNAME=Divya PC
OS=Windows_NT
PROCESSOR_IDENTIFIER=Intel64 Family 6 Model 158 Stepping 10, GenuineIntel



---------------  S Y S T E M  ---------------

OS: Windows 11 , 64 bit Build 22000 (10.0.22000.2538)

CPU:total 12 (initial active 12) (6 cores per cpu, 2 threads per core) family 6 model 158 stepping 10 microcode 0xea, cmov, cx8, fxsr, mmx, sse, sse2, sse3, ssse3, sse4.1, sse4.2, popcnt, avx, avx2, aes, clmul, erms, 3dnowpref, lzcnt, ht, tsc, tscinvbit, bmi1, bmi2, adx, fma

Memory: 4k page, system-wide physical 16115M (187M free)
TotalPageFile size 65267M (AvailPageFile size 72M)
current process WorkingSet (physical memory assigned to process): 120M, peak: 130M
current process commit charge ("private bytes"): 382M, peak: 392M

vm_info: Java HotSpot(TM) 64-Bit Server VM (11.0.18+9-LTS-195) for windows-amd64 JRE (11.0.18+9-LTS-195), built on Dec  6 2022 15:50:58 by "mach5one" with MS VC++ 17.1 (VS2022)

END.
